Build started 2017-03-28 23:35:02.
     1>Project "C:\Users\Hylus\Documents\Visual Studio 2010\Projects\PWSS\udp_witek_rozgloszenie\udp_witek_rozgloszenie\udp_witek_rozgloszenie.vcxproj" on node 2 (build target(s)).
     1>InitializeBuildStatus:
         Creating "Debug\udp_witek_rozgloszenie.unsuccessfulbuild" because "AlwaysCreate" was specified.
       ClCompile:
         All outputs are up-to-date.
         C:\Program Files (x86)\Microsoft Visual Studio 10.0\VC\bin\CL.exe /c /ZI /nologo /W3 /WX- /Od /Oy- /D WIN32 /D _DEBUG /D _CONSOLE /D _UNICODE /D UNICODE /Gm /EHsc /RTC1 /MDd /GS /fp:precise /Zc:wchar_t /Zc:forScope /Yu"StdAfx.h" /Fp"Debug\udp_witek_rozgloszenie.pch" /Fo"Debug\\" /Fd"Debug\vc100.pdb" /Gd /TP /analyze- /errorReport:prompt udp_witek_rozgloszenie.cpp
         udp_witek_rozgloszenie.cpp
     1>c:\users\hylus\documents\visual studio 2010\projects\pwss\udp_witek_rozgloszenie\udp_witek_rozgloszenie\udp_witek_rozgloszenie.cpp(149): warning C4996: 'getch': The POSIX name for this item is deprecated. Instead, use the ISO C++ conformant name: _getch. See online help for details.
                 c:\program files (x86)\microsoft visual studio 10.0\vc\include\conio.h(128) : see declaration of 'getch'
     1>c:\users\hylus\documents\visual studio 2010\projects\pwss\udp_witek_rozgloszenie\udp_witek_rozgloszenie\udp_witek_rozgloszenie.cpp(157): warning C4996: 'getch': The POSIX name for this item is deprecated. Instead, use the ISO C++ conformant name: _getch. See online help for details.
                 c:\program files (x86)\microsoft visual studio 10.0\vc\include\conio.h(128) : see declaration of 'getch'
     1>c:\users\hylus\documents\visual studio 2010\projects\pwss\udp_witek_rozgloszenie\udp_witek_rozgloszenie\udp_witek_rozgloszenie.cpp(179): warning C4996: 'getch': The POSIX name for this item is deprecated. Instead, use the ISO C++ conformant name: _getch. See online help for details.
                 c:\program files (x86)\microsoft visual studio 10.0\vc\include\conio.h(128) : see declaration of 'getch'
     1>c:\users\hylus\documents\visual studio 2010\projects\pwss\udp_witek_rozgloszenie\udp_witek_rozgloszenie\udp_witek_rozgloszenie.cpp(188): warning C4996: 'getch': The POSIX name for this item is deprecated. Instead, use the ISO C++ conformant name: _getch. See online help for details.
                 c:\program files (x86)\microsoft visual studio 10.0\vc\include\conio.h(128) : see declaration of 'getch'
     1>c:\users\hylus\documents\visual studio 2010\projects\pwss\udp_witek_rozgloszenie\udp_witek_rozgloszenie\udp_witek_rozgloszenie.cpp(195): warning C4996: 'getch': The POSIX name for this item is deprecated. Instead, use the ISO C++ conformant name: _getch. See online help for details.
                 c:\program files (x86)\microsoft visual studio 10.0\vc\include\conio.h(128) : see declaration of 'getch'
     1>c:\users\hylus\documents\visual studio 2010\projects\pwss\udp_witek_rozgloszenie\udp_witek_rozgloszenie\udp_witek_rozgloszenie.cpp(211): warning C4996: 'getch': The POSIX name for this item is deprecated. Instead, use the ISO C++ conformant name: _getch. See online help for details.
                 c:\program files (x86)\microsoft visual studio 10.0\vc\include\conio.h(128) : see declaration of 'getch'
     1>c:\users\hylus\documents\visual studio 2010\projects\pwss\udp_witek_rozgloszenie\udp_witek_rozgloszenie\udp_witek_rozgloszenie.cpp(216): warning C4018: '<' : signed/unsigned mismatch
     1>c:\users\hylus\documents\visual studio 2010\projects\pwss\udp_witek_rozgloszenie\udp_witek_rozgloszenie\udp_witek_rozgloszenie.cpp(229): warning C4996: 'strcpy': This function or variable may be unsafe. Consider using strcpy_s instead. To disable deprecation, use _CRT_SECURE_NO_WARNINGS. See online help for details.
                 c:\program files (x86)\microsoft visual studio 10.0\vc\include\string.h(105) : see declaration of 'strcpy'
     1>c:\users\hylus\documents\visual studio 2010\projects\pwss\udp_witek_rozgloszenie\udp_witek_rozgloszenie\udp_witek_rozgloszenie.cpp(232): warning C4018: '<' : signed/unsigned mismatch
     1>c:\users\hylus\documents\visual studio 2010\projects\pwss\udp_witek_rozgloszenie\udp_witek_rozgloszenie\udp_witek_rozgloszenie.cpp(246): warning C4996: 'getch': The POSIX name for this item is deprecated. Instead, use the ISO C++ conformant name: _getch. See online help for details.
                 c:\program files (x86)\microsoft visual studio 10.0\vc\include\conio.h(128) : see declaration of 'getch'
       ManifestResourceCompile:
         All outputs are up-to-date.
       Link:
         C:\Program Files (x86)\Microsoft Visual Studio 10.0\VC\bin\link.exe /ERRORREPORT:PROMPT /OUT:"C:\Users\Hylus\Documents\Visual Studio 2010\Projects\PWSS\udp_witek_rozgloszenie\Debug\udp_witek_rozgloszenie.exe" /INCREMENTAL /NOLOGO kernel32.lib user32.lib gdi32.lib winspool.lib comdlg32.lib advapi32.lib shell32.lib ole32.lib oleaut32.lib uuid.lib odbc32.lib odbccp32.lib kernel32.lib user32.lib gdi32.lib winspool.lib comdlg32.lib advapi32.lib shell32.lib ole32.lib oleaut32.lib uuid.lib odbc32.lib odbccp32.lib ws2_32.lib /MANIFEST /ManifestFile:"Debug\udp_witek_rozgloszenie.exe.intermediate.manifest" /MANIFESTUAC:"level='asInvoker' uiAccess='false'" /DEBUG /PDB:"C:\Users\Hylus\Documents\Visual Studio 2010\Projects\PWSS\udp_witek_rozgloszenie\Debug\udp_witek_rozgloszenie.pdb" /SUBSYSTEM:CONSOLE /TLBID:1 /DYNAMICBASE /NXCOMPAT /IMPLIB:"C:\Users\Hylus\Documents\Visual Studio 2010\Projects\PWSS\udp_witek_rozgloszenie\Debug\udp_witek_rozgloszenie.lib" /MACHINE:X86 Debug\udp_witek_rozgloszenie.exe.embed.manifest.res
         Debug\stdafx.obj
         Debug\udp_witek_rozgloszenie.obj
       Manifest:
         C:\Program Files (x86)\Microsoft SDKs\Windows\v7.0A\bin\mt.exe /nologo /verbose /out:"Debug\udp_witek_rozgloszenie.exe.embed.manifest" /manifest Debug\udp_witek_rozgloszenie.exe.intermediate.manifest
         All outputs are up-to-date.
       LinkEmbedManifest:
         All outputs are up-to-date.
         udp_witek_rozgloszenie.vcxproj -> C:\Users\Hylus\Documents\Visual Studio 2010\Projects\PWSS\udp_witek_rozgloszenie\Debug\udp_witek_rozgloszenie.exe
       FinalizeBuildStatus:
         Deleting file "Debug\udp_witek_rozgloszenie.unsuccessfulbuild".
         Touching "Debug\udp_witek_rozgloszenie.lastbuildstate".
     1>Done Building Project "C:\Users\Hylus\Documents\Visual Studio 2010\Projects\PWSS\udp_witek_rozgloszenie\udp_witek_rozgloszenie\udp_witek_rozgloszenie.vcxproj" (build target(s)).

Build succeeded.

Time Elapsed 00:00:04.51
