Build started 2017-03-28 23:18:33.
     1>Project "C:\Users\Hylus\Documents\Visual Studio 2010\Projects\PWSS\Wysylnaie_UDP\Wysylnaie_UDP\Wysylnaie_UDP.vcxproj" on node 2 (build target(s)).
     1>InitializeBuildStatus:
         Creating "Debug\Wysylnaie_UDP.unsuccessfulbuild" because "AlwaysCreate" was specified.
       ClCompile:
         All outputs are up-to-date.
         C:\Program Files (x86)\Microsoft Visual Studio 10.0\VC\bin\CL.exe /c /ZI /nologo /W3 /WX- /Od /Oy- /D WIN32 /D _DEBUG /D _CONSOLE /D _UNICODE /D UNICODE /Gm /EHsc /RTC1 /MDd /GS /fp:precise /Zc:wchar_t /Zc:forScope /Yu"StdAfx.h" /Fp"Debug\Wysylnaie_UDP.pch" /Fo"Debug\\" /Fd"Debug\vc100.pdb" /Gd /TP /analyze- /errorReport:prompt Wysylnaie_UDP.cpp
         Wysylnaie_UDP.cpp
     1>c:\users\hylus\documents\visual studio 2010\projects\pwss\wysylnaie_udp\wysylnaie_udp\wysylnaie_udp.cpp(14): warning C4305: '=' : truncation from 'int' to 'char'
     1>c:\users\hylus\documents\visual studio 2010\projects\pwss\wysylnaie_udp\wysylnaie_udp\wysylnaie_udp.cpp(14): warning C4309: '=' : truncation of constant value
     1>c:\users\hylus\documents\visual studio 2010\projects\pwss\wysylnaie_udp\wysylnaie_udp\wysylnaie_udp.cpp(26): warning C4996: 'gets': This function or variable may be unsafe. Consider using gets_s instead. To disable deprecation, use _CRT_SECURE_NO_WARNINGS. See online help for details.
                 c:\program files (x86)\microsoft visual studio 10.0\vc\include\stdio.h(277) : see declaration of 'gets'
     1>c:\users\hylus\documents\visual studio 2010\projects\pwss\wysylnaie_udp\wysylnaie_udp\wysylnaie_udp.cpp(28): warning C4996: 'stricmp': The POSIX name for this item is deprecated. Instead, use the ISO C++ conformant name: _stricmp. See online help for details.
                 c:\program files (x86)\microsoft visual studio 10.0\vc\include\string.h(246) : see declaration of 'stricmp'
       ManifestResourceCompile:
         All outputs are up-to-date.
       Link:
         C:\Program Files (x86)\Microsoft Visual Studio 10.0\VC\bin\link.exe /ERRORREPORT:PROMPT /OUT:"C:\Users\Hylus\Documents\Visual Studio 2010\Projects\PWSS\Wysylnaie_UDP\Debug\Wysylnaie_UDP.exe" /INCREMENTAL /NOLOGO kernel32.lib user32.lib gdi32.lib winspool.lib comdlg32.lib advapi32.lib shell32.lib ole32.lib oleaut32.lib uuid.lib odbc32.lib odbccp32.lib kernel32.lib user32.lib gdi32.lib winspool.lib comdlg32.lib advapi32.lib shell32.lib ole32.lib oleaut32.lib uuid.lib odbc32.lib odbccp32.lib ws2_32.lib /MANIFEST /ManifestFile:"Debug\Wysylnaie_UDP.exe.intermediate.manifest" /MANIFESTUAC:"level='asInvoker' uiAccess='false'" /DEBUG /PDB:"C:\Users\Hylus\Documents\Visual Studio 2010\Projects\PWSS\Wysylnaie_UDP\Debug\Wysylnaie_UDP.pdb" /SUBSYSTEM:CONSOLE /TLBID:1 /DYNAMICBASE /NXCOMPAT /IMPLIB:"C:\Users\Hylus\Documents\Visual Studio 2010\Projects\PWSS\Wysylnaie_UDP\Debug\Wysylnaie_UDP.lib" /MACHINE:X86 Debug\Wysylnaie_UDP.exe.embed.manifest.res
         Debug\stdafx.obj
         Debug\Wysylnaie_UDP.obj
       Manifest:
         C:\Program Files (x86)\Microsoft SDKs\Windows\v7.0A\bin\mt.exe /nologo /verbose /out:"Debug\Wysylnaie_UDP.exe.embed.manifest" /manifest Debug\Wysylnaie_UDP.exe.intermediate.manifest
         All outputs are up-to-date.
       LinkEmbedManifest:
         All outputs are up-to-date.
         Wysylnaie_UDP.vcxproj -> C:\Users\Hylus\Documents\Visual Studio 2010\Projects\PWSS\Wysylnaie_UDP\Debug\Wysylnaie_UDP.exe
       FinalizeBuildStatus:
         Deleting file "Debug\Wysylnaie_UDP.unsuccessfulbuild".
         Touching "Debug\Wysylnaie_UDP.lastbuildstate".
     1>Done Building Project "C:\Users\Hylus\Documents\Visual Studio 2010\Projects\PWSS\Wysylnaie_UDP\Wysylnaie_UDP\Wysylnaie_UDP.vcxproj" (build target(s)).

Build succeeded.

Time Elapsed 00:00:26.04
