Build started 2017-03-11 14:47:50.
     1>Project "c:\Users\Hylus\documents\visual studio 2010\Projects\UDP serwer\UDP serwer\UDP serwer.vcxproj" on node 2 (build target(s)).
     1>InitializeBuildStatus:
         Creating "Debug\UDP serwer.unsuccessfulbuild" because "AlwaysCreate" was specified.
       ClCompile:
         All outputs are up-to-date.
         C:\Program Files (x86)\Microsoft Visual Studio 10.0\VC\bin\CL.exe /c /ZI /nologo /W3 /WX- /Od /Oy- /D WIN32 /D _DEBUG /D _CONSOLE /D _UNICODE /D UNICODE /Gm /EHsc /RTC1 /MDd /GS /fp:precise /Zc:wchar_t /Zc:forScope /Yu"StdAfx.h" /Fp"Debug\UDP serwer.pch" /Fo"Debug\\" /Fd"Debug\vc100.pdb" /Gd /TP /analyze- /errorReport:prompt "UDP serwer.cpp"
         UDP serwer.cpp
     1>c:\users\hylus\documents\visual studio 2010\projects\udp serwer\udp serwer\udp serwer.cpp(76): warning C4996: 'strcpy': This function or variable may be unsafe. Consider using strcpy_s instead. To disable deprecation, use _CRT_SECURE_NO_WARNINGS. See online help for details.
                 c:\program files (x86)\microsoft visual studio 10.0\vc\include\string.h(105) : see declaration of 'strcpy'
     1>c:\users\hylus\documents\visual studio 2010\projects\udp serwer\udp serwer\udp serwer.cpp(112): warning C4996: 'getch': The POSIX name for this item is deprecated. Instead, use the ISO C++ conformant name: _getch. See online help for details.
                 c:\program files (x86)\microsoft visual studio 10.0\vc\include\conio.h(128) : see declaration of 'getch'
     1>c:\users\hylus\documents\visual studio 2010\projects\udp serwer\udp serwer\udp serwer.cpp(125): warning C4996: 'stricmp': The POSIX name for this item is deprecated. Instead, use the ISO C++ conformant name: _stricmp. See online help for details.
                 c:\program files (x86)\microsoft visual studio 10.0\vc\include\string.h(246) : see declaration of 'stricmp'
     1>c:\users\hylus\documents\visual studio 2010\projects\udp serwer\udp serwer\udp serwer.cpp(133): warning C4996: 'getch': The POSIX name for this item is deprecated. Instead, use the ISO C++ conformant name: _getch. See online help for details.
                 c:\program files (x86)\microsoft visual studio 10.0\vc\include\conio.h(128) : see declaration of 'getch'
       ManifestResourceCompile:
         All outputs are up-to-date.
       Link:
         C:\Program Files (x86)\Microsoft Visual Studio 10.0\VC\bin\link.exe /ERRORREPORT:PROMPT /OUT:"c:\users\hylus\documents\visual studio 2010\Projects\UDP serwer\Debug\UDP serwer.exe" /INCREMENTAL /NOLOGO kernel32.lib user32.lib gdi32.lib winspool.lib comdlg32.lib advapi32.lib shell32.lib ole32.lib oleaut32.lib uuid.lib odbc32.lib odbccp32.lib kernel32.lib user32.lib gdi32.lib winspool.lib comdlg32.lib advapi32.lib shell32.lib ole32.lib oleaut32.lib uuid.lib odbc32.lib odbccp32.lib ws2_32.lib /MANIFEST /ManifestFile:"Debug\UDP serwer.exe.intermediate.manifest" /MANIFESTUAC:"level='asInvoker' uiAccess='false'" /DEBUG /PDB:"c:\users\hylus\documents\visual studio 2010\Projects\UDP serwer\Debug\UDP serwer.pdb" /SUBSYSTEM:CONSOLE /TLBID:1 /DYNAMICBASE /NXCOMPAT /IMPLIB:"c:\users\hylus\documents\visual studio 2010\Projects\UDP serwer\Debug\UDP serwer.lib" /MACHINE:X86 "Debug\UDP serwer.exe.embed.manifest.res"
         Debug\stdafx.obj
         "Debug\UDP serwer.obj"
       Manifest:
         C:\Program Files (x86)\Microsoft SDKs\Windows\v7.0A\bin\mt.exe /nologo /verbose /out:"Debug\UDP serwer.exe.embed.manifest" /manifest "Debug\UDP serwer.exe.intermediate.manifest"
         All outputs are up-to-date.
       LinkEmbedManifest:
         All outputs are up-to-date.
         UDP serwer.vcxproj -> c:\users\hylus\documents\visual studio 2010\Projects\UDP serwer\Debug\UDP serwer.exe
       FinalizeBuildStatus:
         Deleting file "Debug\UDP serwer.unsuccessfulbuild".
         Touching "Debug\UDP serwer.lastbuildstate".
     1>Done Building Project "c:\Users\Hylus\documents\visual studio 2010\Projects\UDP serwer\UDP serwer\UDP serwer.vcxproj" (build target(s)).

Build succeeded.

Time Elapsed 00:00:00.62
