Build started 2017-03-28 22:30:51.
     1>Project "C:\Users\Hylus\Documents\Visual Studio 2010\Projects\PWSS\UDP rozgloszenie\UDP rozgloszenie\UDP rozgloszenie.vcxproj" on node 2 (build target(s)).
     1>InitializeBuildStatus:
         Creating "Debug\UDP rozgloszenie.unsuccessfulbuild" because "AlwaysCreate" was specified.
       ClCompile:
         All outputs are up-to-date.
         C:\Program Files (x86)\Microsoft Visual Studio 10.0\VC\bin\CL.exe /c /ZI /nologo /W3 /WX- /Od /Oy- /D WIN32 /D _DEBUG /D _CONSOLE /D _UNICODE /D UNICODE /Gm /EHsc /RTC1 /MDd /GS /fp:precise /Zc:wchar_t /Zc:forScope /Yu"StdAfx.h" /Fp"Debug\UDP rozgloszenie.pch" /Fo"Debug\\" /Fd"Debug\vc100.pdb" /Gd /TP /analyze- /errorReport:prompt "UDP rozgloszenie.cpp"
         UDP rozgloszenie.cpp
     1>c:\users\hylus\documents\visual studio 2010\projects\pwss\udp rozgloszenie\udp rozgloszenie\udp rozgloszenie.cpp(77): warning C4996: 'strcpy': This function or variable may be unsafe. Consider using strcpy_s instead. To disable deprecation, use _CRT_SECURE_NO_WARNINGS. See online help for details.
                 c:\program files (x86)\microsoft visual studio 10.0\vc\include\string.h(105) : see declaration of 'strcpy'
     1>c:\users\hylus\documents\visual studio 2010\projects\pwss\udp rozgloszenie\udp rozgloszenie\udp rozgloszenie.cpp(122): warning C4996: 'getch': The POSIX name for this item is deprecated. Instead, use the ISO C++ conformant name: _getch. See online help for details.
                 c:\program files (x86)\microsoft visual studio 10.0\vc\include\conio.h(128) : see declaration of 'getch'
     1>c:\users\hylus\documents\visual studio 2010\projects\pwss\udp rozgloszenie\udp rozgloszenie\udp rozgloszenie.cpp(133): warning C4996: 'getch': The POSIX name for this item is deprecated. Instead, use the ISO C++ conformant name: _getch. See online help for details.
                 c:\program files (x86)\microsoft visual studio 10.0\vc\include\conio.h(128) : see declaration of 'getch'
     1>c:\users\hylus\documents\visual studio 2010\projects\pwss\udp rozgloszenie\udp rozgloszenie\udp rozgloszenie.cpp(162): warning C4996: 'getch': The POSIX name for this item is deprecated. Instead, use the ISO C++ conformant name: _getch. See online help for details.
                 c:\program files (x86)\microsoft visual studio 10.0\vc\include\conio.h(128) : see declaration of 'getch'
     1>c:\users\hylus\documents\visual studio 2010\projects\pwss\udp rozgloszenie\udp rozgloszenie\udp rozgloszenie.cpp(174): warning C4996: 'getch': The POSIX name for this item is deprecated. Instead, use the ISO C++ conformant name: _getch. See online help for details.
                 c:\program files (x86)\microsoft visual studio 10.0\vc\include\conio.h(128) : see declaration of 'getch'
     1>c:\users\hylus\documents\visual studio 2010\projects\pwss\udp rozgloszenie\udp rozgloszenie\udp rozgloszenie.cpp(176): warning C4996: 'itoa': The POSIX name for this item is deprecated. Instead, use the ISO C++ conformant name: _itoa. See online help for details.
                 c:\program files (x86)\microsoft visual studio 10.0\vc\include\stdlib.h(867) : see declaration of 'itoa'
     1>c:\users\hylus\documents\visual studio 2010\projects\pwss\udp rozgloszenie\udp rozgloszenie\udp rozgloszenie.cpp(184): warning C4996: 'getch': The POSIX name for this item is deprecated. Instead, use the ISO C++ conformant name: _getch. See online help for details.
                 c:\program files (x86)\microsoft visual studio 10.0\vc\include\conio.h(128) : see declaration of 'getch'
     1>c:\users\hylus\documents\visual studio 2010\projects\pwss\udp rozgloszenie\udp rozgloszenie\udp rozgloszenie.cpp(199): warning C4996: 'getch': The POSIX name for this item is deprecated. Instead, use the ISO C++ conformant name: _getch. See online help for details.
                 c:\program files (x86)\microsoft visual studio 10.0\vc\include\conio.h(128) : see declaration of 'getch'
     1>c:\users\hylus\documents\visual studio 2010\projects\pwss\udp rozgloszenie\udp rozgloszenie\udp rozgloszenie.cpp(205): warning C4996: 'sscanf': This function or variable may be unsafe. Consider using sscanf_s instead. To disable deprecation, use _CRT_SECURE_NO_WARNINGS. See online help for details.
                 c:\program files (x86)\microsoft visual studio 10.0\vc\include\stdio.h(325) : see declaration of 'sscanf'
     1>c:\users\hylus\documents\visual studio 2010\projects\pwss\udp rozgloszenie\udp rozgloszenie\udp rozgloszenie.cpp(216): warning C4996: 'getch': The POSIX name for this item is deprecated. Instead, use the ISO C++ conformant name: _getch. See online help for details.
                 c:\program files (x86)\microsoft visual studio 10.0\vc\include\conio.h(128) : see declaration of 'getch'
     1>c:\users\hylus\documents\visual studio 2010\projects\pwss\udp rozgloszenie\udp rozgloszenie\udp rozgloszenie.cpp(147): warning C4101: 'ciag' : unreferenced local variable
     1>c:\users\hylus\documents\visual studio 2010\projects\pwss\udp rozgloszenie\udp rozgloszenie\udp rozgloszenie.cpp(151): warning C4101: 'AddrSize' : unreferenced local variable
     1>c:\users\hylus\documents\visual studio 2010\projects\pwss\udp rozgloszenie\udp rozgloszenie\udp rozgloszenie.cpp(144): warning C4101: 'buffliczb' : unreferenced local variable
       ManifestResourceCompile:
         All outputs are up-to-date.
       Link:
         C:\Program Files (x86)\Microsoft Visual Studio 10.0\VC\bin\link.exe /ERRORREPORT:PROMPT /OUT:"C:\Users\Hylus\Documents\Visual Studio 2010\Projects\PWSS\UDP rozgloszenie\Debug\UDP rozgloszenie.exe" /INCREMENTAL /NOLOGO kernel32.lib user32.lib gdi32.lib winspool.lib comdlg32.lib advapi32.lib shell32.lib ole32.lib oleaut32.lib uuid.lib odbc32.lib odbccp32.lib kernel32.lib user32.lib gdi32.lib winspool.lib comdlg32.lib advapi32.lib shell32.lib ole32.lib oleaut32.lib uuid.lib odbc32.lib odbccp32.lib ws2_32.lib /MANIFEST /ManifestFile:"Debug\UDP rozgloszenie.exe.intermediate.manifest" /MANIFESTUAC:"level='asInvoker' uiAccess='false'" /DEBUG /PDB:"C:\Users\Hylus\Documents\Visual Studio 2010\Projects\PWSS\UDP rozgloszenie\Debug\UDP rozgloszenie.pdb" /SUBSYSTEM:CONSOLE /TLBID:1 /DYNAMICBASE /NXCOMPAT /IMPLIB:"C:\Users\Hylus\Documents\Visual Studio 2010\Projects\PWSS\UDP rozgloszenie\Debug\UDP rozgloszenie.lib" /MACHINE:X86 "Debug\UDP rozgloszenie.exe.embed.manifest.res"
         Debug\stdafx.obj
         "Debug\UDP rozgloszenie.obj"
       Manifest:
         C:\Program Files (x86)\Microsoft SDKs\Windows\v7.0A\bin\mt.exe /nologo /verbose /out:"Debug\UDP rozgloszenie.exe.embed.manifest" /manifest "Debug\UDP rozgloszenie.exe.intermediate.manifest"
         All outputs are up-to-date.
       LinkEmbedManifest:
         All outputs are up-to-date.
         UDP rozgloszenie.vcxproj -> C:\Users\Hylus\Documents\Visual Studio 2010\Projects\PWSS\UDP rozgloszenie\Debug\UDP rozgloszenie.exe
       FinalizeBuildStatus:
         Deleting file "Debug\UDP rozgloszenie.unsuccessfulbuild".
         Touching "Debug\UDP rozgloszenie.lastbuildstate".
     1>Done Building Project "C:\Users\Hylus\Documents\Visual Studio 2010\Projects\PWSS\UDP rozgloszenie\UDP rozgloszenie\UDP rozgloszenie.vcxproj" (build target(s)).

Build succeeded.

Time Elapsed 00:00:03.33
