Build started 2017-03-17 15:37:03.
     1>Project "C:\Users\Hylus\Documents\Visual Studio 2010\Projects\UDP komunikacja prsota\UDP komunikacja prsota\UDP komunikacja prsota.vcxproj" on node 2 (build target(s)).
     1>InitializeBuildStatus:
         Creating "Debug\UDP komunikacja prsota.unsuccessfulbuild" because "AlwaysCreate" was specified.
       ClCompile:
         All outputs are up-to-date.
         C:\Program Files (x86)\Microsoft Visual Studio 10.0\VC\bin\CL.exe /c /ZI /nologo /W3 /WX- /Od /Oy- /D WIN32 /D _DEBUG /D _CONSOLE /D _UNICODE /D UNICODE /Gm /EHsc /RTC1 /MDd /GS /fp:precise /Zc:wchar_t /Zc:forScope /Yu"StdAfx.h" /Fp"Debug\UDP komunikacja prsota.pch" /Fo"Debug\\" /Fd"Debug\vc100.pdb" /Gd /TP /analyze- /errorReport:prompt "UDP komunikacja prsota.cpp"
         UDP komunikacja prsota.cpp
     1>c:\users\hylus\documents\visual studio 2010\projects\udp komunikacja prsota\udp komunikacja prsota\udp komunikacja prsota.cpp(77): warning C4996: 'strcpy': This function or variable may be unsafe. Consider using strcpy_s instead. To disable deprecation, use _CRT_SECURE_NO_WARNINGS. See online help for details.
                 c:\program files (x86)\microsoft visual studio 10.0\vc\include\string.h(105) : see declaration of 'strcpy'
     1>c:\users\hylus\documents\visual studio 2010\projects\udp komunikacja prsota\udp komunikacja prsota\udp komunikacja prsota.cpp(121): warning C4996: 'getch': The POSIX name for this item is deprecated. Instead, use the ISO C++ conformant name: _getch. See online help for details.
                 c:\program files (x86)\microsoft visual studio 10.0\vc\include\conio.h(128) : see declaration of 'getch'
     1>c:\users\hylus\documents\visual studio 2010\projects\udp komunikacja prsota\udp komunikacja prsota\udp komunikacja prsota.cpp(145): warning C4996: 'gets': This function or variable may be unsafe. Consider using gets_s instead. To disable deprecation, use _CRT_SECURE_NO_WARNINGS. See online help for details.
                 c:\program files (x86)\microsoft visual studio 10.0\vc\include\stdio.h(277) : see declaration of 'gets'
     1>c:\users\hylus\documents\visual studio 2010\projects\udp komunikacja prsota\udp komunikacja prsota\udp komunikacja prsota.cpp(146): warning C4996: 'stricmp': The POSIX name for this item is deprecated. Instead, use the ISO C++ conformant name: _stricmp. See online help for details.
                 c:\program files (x86)\microsoft visual studio 10.0\vc\include\string.h(246) : see declaration of 'stricmp'
     1>c:\users\hylus\documents\visual studio 2010\projects\udp komunikacja prsota\udp komunikacja prsota\udp komunikacja prsota.cpp(159): warning C4996: 'getch': The POSIX name for this item is deprecated. Instead, use the ISO C++ conformant name: _getch. See online help for details.
                 c:\program files (x86)\microsoft visual studio 10.0\vc\include\conio.h(128) : see declaration of 'getch'
     1>c:\users\hylus\documents\visual studio 2010\projects\udp komunikacja prsota\udp komunikacja prsota\udp komunikacja prsota.cpp(173): warning C4996: 'getch': The POSIX name for this item is deprecated. Instead, use the ISO C++ conformant name: _getch. See online help for details.
                 c:\program files (x86)\microsoft visual studio 10.0\vc\include\conio.h(128) : see declaration of 'getch'
     1>c:\users\hylus\documents\visual studio 2010\projects\udp komunikacja prsota\udp komunikacja prsota\udp komunikacja prsota.cpp(184): warning C4996: 'getch': The POSIX name for this item is deprecated. Instead, use the ISO C++ conformant name: _getch. See online help for details.
                 c:\program files (x86)\microsoft visual studio 10.0\vc\include\conio.h(128) : see declaration of 'getch'
     1>c:\users\hylus\documents\visual studio 2010\projects\udp komunikacja prsota\udp komunikacja prsota\udp komunikacja prsota.cpp(140): warning C4101: 'wynik' : unreferenced local variable
       ManifestResourceCompile:
         All outputs are up-to-date.
       Link:
         C:\Program Files (x86)\Microsoft Visual Studio 10.0\VC\bin\link.exe /ERRORREPORT:PROMPT /OUT:"C:\Users\Hylus\Documents\Visual Studio 2010\Projects\UDP komunikacja prsota\Debug\UDP komunikacja prsota.exe" /INCREMENTAL /NOLOGO kernel32.lib user32.lib gdi32.lib winspool.lib comdlg32.lib advapi32.lib shell32.lib ole32.lib oleaut32.lib uuid.lib odbc32.lib odbccp32.lib kernel32.lib user32.lib gdi32.lib winspool.lib comdlg32.lib advapi32.lib shell32.lib ole32.lib oleaut32.lib uuid.lib odbc32.lib odbccp32.lib ws2_32.lib /MANIFEST /ManifestFile:"Debug\UDP komunikacja prsota.exe.intermediate.manifest" /MANIFESTUAC:"level='asInvoker' uiAccess='false'" /DEBUG /PDB:"C:\Users\Hylus\Documents\Visual Studio 2010\Projects\UDP komunikacja prsota\Debug\UDP komunikacja prsota.pdb" /SUBSYSTEM:CONSOLE /TLBID:1 /DYNAMICBASE /NXCOMPAT /IMPLIB:"C:\Users\Hylus\Documents\Visual Studio 2010\Projects\UDP komunikacja prsota\Debug\UDP komunikacja prsota.lib" /MACHINE:X86 "Debug\UDP komunikacja prsota.exe.embed.manifest.res"
         Debug\stdafx.obj
         "Debug\UDP komunikacja prsota.obj"
       Manifest:
         C:\Program Files (x86)\Microsoft SDKs\Windows\v7.0A\bin\mt.exe /nologo /verbose /out:"Debug\UDP komunikacja prsota.exe.embed.manifest" /manifest "Debug\UDP komunikacja prsota.exe.intermediate.manifest"
         All outputs are up-to-date.
       LinkEmbedManifest:
         All outputs are up-to-date.
         UDP komunikacja prsota.vcxproj -> C:\Users\Hylus\Documents\Visual Studio 2010\Projects\UDP komunikacja prsota\Debug\UDP komunikacja prsota.exe
       FinalizeBuildStatus:
         Deleting file "Debug\UDP komunikacja prsota.unsuccessfulbuild".
         Touching "Debug\UDP komunikacja prsota.lastbuildstate".
     1>Done Building Project "C:\Users\Hylus\Documents\Visual Studio 2010\Projects\UDP komunikacja prsota\UDP komunikacja prsota\UDP komunikacja prsota.vcxproj" (build target(s)).

Build succeeded.

Time Elapsed 00:00:02.67
